
*** Running vivado
    with args -log ALU_8bits.vds -m64 -product Vivado -mode batch -messageDb vivado.pb -notrace -source ALU_8bits.tcl


****** Vivado v2023.1 (64-bit)
  **** SW Build 3865809 on Sun May  7 15:04:56 MDT 2023
  **** IP Build 3864474 on Sun May  7 20:36:21 MDT 2023
  **** SharedData Build 3865790 on Sun May 07 13:33:03 MDT 2023
    ** Copyright 1986-2022 Xilinx, Inc. All Rights Reserved.
    ** Copyright 2022-2023 Advanced Micro Devices, Inc. All Rights Reserved.

source ALU_8bits.tcl -notrace
Command: read_checkpoint -auto_incremental -incremental /home/rbonnet/Documents/4A/projet_info/ALU_8bits/ALU_8bits.srcs/utils_1/imports/synth_1/ALU_8bits.dcp
INFO: [Vivado 12-5825] Read reference checkpoint from /home/rbonnet/Documents/4A/projet_info/ALU_8bits/ALU_8bits.srcs/utils_1/imports/synth_1/ALU_8bits.dcp for incremental synthesis
INFO: [Vivado 12-7989] Please ensure there are no constraint changes
Command: synth_design -top ALU_8bits -part xc7a35tcpg236-1
Starting synth_design
Attempting to get a license for feature 'Synthesis' and/or device 'xc7a35t'
INFO: [Common 17-349] Got license for feature 'Synthesis' and/or device 'xc7a35t'
INFO: [Device 21-403] Loading part xc7a35tcpg236-1
INFO: [Designutils 20-5440] No compile time benefit to using incremental synthesis; A full resynthesis will be run
INFO: [Designutils 20-4379] Flow is switching to default flow due to incremental criteria not met. If you would like to alter this behaviour and have the flow terminate instead, please set the following parameter config_implementation {autoIncr.Synth.RejectBehavior Terminate}
INFO: [Synth 8-7079] Multithreading enabled for synth_design using a maximum of 4 processes.
INFO: [Synth 8-7078] Launching helper process for spawning children vivado processes
INFO: [Synth 8-7075] Helper process launched with PID 35181
---------------------------------------------------------------------------------
Starting RTL Elaboration : Time (s): cpu = 00:00:02 ; elapsed = 00:00:03 . Memory (MB): peak = 2006.758 ; gain = 378.770 ; free physical = 8471 ; free virtual = 20635
---------------------------------------------------------------------------------
INFO: [Synth 8-638] synthesizing module 'ALU_8bits' [/home/rbonnet/Documents/4A/projet_info/ALU_8bits/ALU_8bits.srcs/sources_1/new/ALU_8bits.vhd:28]
INFO: [Synth 8-256] done synthesizing module 'ALU_8bits' (0#1) [/home/rbonnet/Documents/4A/projet_info/ALU_8bits/ALU_8bits.srcs/sources_1/new/ALU_8bits.vhd:28]
---------------------------------------------------------------------------------
Finished RTL Elaboration : Time (s): cpu = 00:00:03 ; elapsed = 00:00:04 . Memory (MB): peak = 2073.727 ; gain = 445.738 ; free physical = 8383 ; free virtual = 20550
---------------------------------------------------------------------------------
---------------------------------------------------------------------------------
Start Handling Custom Attributes
---------------------------------------------------------------------------------
---------------------------------------------------------------------------------
Finished Handling Custom Attributes : Time (s): cpu = 00:00:03 ; elapsed = 00:00:04 . Memory (MB): peak = 2091.539 ; gain = 463.551 ; free physical = 8381 ; free virtual = 20548
---------------------------------------------------------------------------------
---------------------------------------------------------------------------------
Finished RTL Optimization Phase 1 : Time (s): cpu = 00:00:03 ; elapsed = 00:00:04 . Memory (MB): peak = 2091.539 ; gain = 463.551 ; free physical = 8381 ; free virtual = 20548
---------------------------------------------------------------------------------
Netlist sorting complete. Time (s): cpu = 00:00:00 ; elapsed = 00:00:00 . Memory (MB): peak = 2091.539 ; gain = 0.000 ; free physical = 8381 ; free virtual = 20548
INFO: [Project 1-570] Preparing netlist for logic optimization

Processing XDC Constraints
Initializing timing engine
Parsing XDC File [/home/rbonnet/Documents/4A/projet_info/ALU_8bits/ALU_8bits.srcs/constrs_1/new/ALU_8bits.xdc]
Finished Parsing XDC File [/home/rbonnet/Documents/4A/projet_info/ALU_8bits/ALU_8bits.srcs/constrs_1/new/ALU_8bits.xdc]
INFO: [Project 1-236] Implementation specific constraints were found while reading constraint file [/home/rbonnet/Documents/4A/projet_info/ALU_8bits/ALU_8bits.srcs/constrs_1/new/ALU_8bits.xdc]. These constraints will be ignored for synthesis but will be used in implementation. Impacted constraints are listed in the file [.Xil/ALU_8bits_propImpl.xdc].
Resolution: To avoid this warning, move constraints listed in [.Xil/ALU_8bits_propImpl.xdc] to another XDC file and exclude this new file from synthesis with the used_in_synthesis property (File Properties dialog in GUI) and re-run elaboration/synthesis.
Completed Processing XDC Constraints

Netlist sorting complete. Time (s): cpu = 00:00:00 ; elapsed = 00:00:00 . Memory (MB): peak = 2218.320 ; gain = 0.000 ; free physical = 8377 ; free virtual = 20558
INFO: [Project 1-111] Unisim Transformation Summary:
No Unisim elements were transformed.

Constraint Validation Runtime : Time (s): cpu = 00:00:00 ; elapsed = 00:00:00 . Memory (MB): peak = 2218.320 ; gain = 0.000 ; free physical = 8377 ; free virtual = 20558
INFO: [Designutils 20-5440] No compile time benefit to using incremental synthesis; A full resynthesis will be run
INFO: [Designutils 20-4379] Flow is switching to default flow due to incremental criteria not met. If you would like to alter this behaviour and have the flow terminate instead, please set the following parameter config_implementation {autoIncr.Synth.RejectBehavior Terminate}
---------------------------------------------------------------------------------
Finished Constraint Validation : Time (s): cpu = 00:00:06 ; elapsed = 00:00:08 . Memory (MB): peak = 2218.320 ; gain = 590.332 ; free physical = 8374 ; free virtual = 20554
---------------------------------------------------------------------------------
---------------------------------------------------------------------------------
Start Loading Part and Timing Information
---------------------------------------------------------------------------------
Loading part: xc7a35tcpg236-1
---------------------------------------------------------------------------------
Finished Loading Part and Timing Information : Time (s): cpu = 00:00:06 ; elapsed = 00:00:08 . Memory (MB): peak = 2218.320 ; gain = 590.332 ; free physical = 8374 ; free virtual = 20554
---------------------------------------------------------------------------------
---------------------------------------------------------------------------------
Start Applying 'set_property' XDC Constraints
---------------------------------------------------------------------------------
---------------------------------------------------------------------------------
Finished applying 'set_property' XDC Constraints : Time (s): cpu = 00:00:06 ; elapsed = 00:00:08 . Memory (MB): peak = 2218.320 ; gain = 590.332 ; free physical = 8374 ; free virtual = 20554
---------------------------------------------------------------------------------
WARNING: [Synth 8-327] inferring latch for variable 'Stemp_reg' [/home/rbonnet/Documents/4A/projet_info/ALU_8bits/ALU_8bits.srcs/sources_1/new/ALU_8bits.vhd:31]
---------------------------------------------------------------------------------
Finished RTL Optimization Phase 2 : Time (s): cpu = 00:00:07 ; elapsed = 00:00:08 . Memory (MB): peak = 2218.320 ; gain = 590.332 ; free physical = 8370 ; free virtual = 20551
---------------------------------------------------------------------------------
---------------------------------------------------------------------------------
Start RTL Component Statistics 
---------------------------------------------------------------------------------
Detailed RTL Component Info : 
+---Adders : 
	   3 Input   16 Bit       Adders := 2     
+---XORs : 
	   2 Input     16 Bit         XORs := 1     
+---Muxes : 
	   9 Input    1 Bit        Muxes := 1     
---------------------------------------------------------------------------------
Finished RTL Component Statistics 
---------------------------------------------------------------------------------
---------------------------------------------------------------------------------
Start Part Resource Summary
---------------------------------------------------------------------------------
Part Resources:
DSPs: 90 (col length:60)
BRAMs: 100 (col length: RAMB18 60 RAMB36 30)
---------------------------------------------------------------------------------
Finished Part Resource Summary
---------------------------------------------------------------------------------
---------------------------------------------------------------------------------
Start Cross Boundary and Area Optimization
---------------------------------------------------------------------------------
WARNING: [Synth 8-7080] Parallel synthesis criteria is not met
---------------------------------------------------------------------------------
Finished Cross Boundary and Area Optimization : Time (s): cpu = 00:00:08 ; elapsed = 00:00:09 . Memory (MB): peak = 2218.320 ; gain = 590.332 ; free physical = 8352 ; free virtual = 20539
---------------------------------------------------------------------------------
---------------------------------------------------------------------------------
Start Applying XDC Timing Constraints
---------------------------------------------------------------------------------
---------------------------------------------------------------------------------
Finished Applying XDC Timing Constraints : Time (s): cpu = 00:00:10 ; elapsed = 00:00:12 . Memory (MB): peak = 2218.320 ; gain = 590.332 ; free physical = 8347 ; free virtual = 20540
---------------------------------------------------------------------------------
---------------------------------------------------------------------------------
Start Timing Optimization
---------------------------------------------------------------------------------
---------------------------------------------------------------------------------
Finished Timing Optimization : Time (s): cpu = 00:00:10 ; elapsed = 00:00:12 . Memory (MB): peak = 2218.320 ; gain = 590.332 ; free physical = 8347 ; free virtual = 20540
---------------------------------------------------------------------------------
---------------------------------------------------------------------------------
Start Technology Mapping
---------------------------------------------------------------------------------
---------------------------------------------------------------------------------
Finished Technology Mapping : Time (s): cpu = 00:00:10 ; elapsed = 00:00:12 . Memory (MB): peak = 2218.320 ; gain = 590.332 ; free physical = 8347 ; free virtual = 20540
---------------------------------------------------------------------------------
---------------------------------------------------------------------------------
Start IO Insertion
---------------------------------------------------------------------------------
---------------------------------------------------------------------------------
Start Flattening Before IO Insertion
---------------------------------------------------------------------------------
---------------------------------------------------------------------------------
Finished Flattening Before IO Insertion
---------------------------------------------------------------------------------
---------------------------------------------------------------------------------
Start Final Netlist Cleanup
---------------------------------------------------------------------------------
---------------------------------------------------------------------------------
Finished Final Netlist Cleanup
---------------------------------------------------------------------------------
---------------------------------------------------------------------------------
Finished IO Insertion : Time (s): cpu = 00:00:12 ; elapsed = 00:00:14 . Memory (MB): peak = 2218.320 ; gain = 590.332 ; free physical = 8347 ; free virtual = 20540
---------------------------------------------------------------------------------
---------------------------------------------------------------------------------
Start Renaming Generated Instances
---------------------------------------------------------------------------------
---------------------------------------------------------------------------------
Finished Renaming Generated Instances : Time (s): cpu = 00:00:12 ; elapsed = 00:00:14 . Memory (MB): peak = 2218.320 ; gain = 590.332 ; free physical = 8347 ; free virtual = 20540
---------------------------------------------------------------------------------
---------------------------------------------------------------------------------
Start Rebuilding User Hierarchy
---------------------------------------------------------------------------------
---------------------------------------------------------------------------------
Finished Rebuilding User Hierarchy : Time (s): cpu = 00:00:12 ; elapsed = 00:00:14 . Memory (MB): peak = 2218.320 ; gain = 590.332 ; free physical = 8347 ; free virtual = 20540
---------------------------------------------------------------------------------
---------------------------------------------------------------------------------
Start Renaming Generated Ports
---------------------------------------------------------------------------------
---------------------------------------------------------------------------------
Finished Renaming Generated Ports : Time (s): cpu = 00:00:12 ; elapsed = 00:00:14 . Memory (MB): peak = 2218.320 ; gain = 590.332 ; free physical = 8347 ; free virtual = 20540
---------------------------------------------------------------------------------
---------------------------------------------------------------------------------
Start Handling Custom Attributes
---------------------------------------------------------------------------------
---------------------------------------------------------------------------------
Finished Handling Custom Attributes : Time (s): cpu = 00:00:12 ; elapsed = 00:00:14 . Memory (MB): peak = 2218.320 ; gain = 590.332 ; free physical = 8347 ; free virtual = 20540
---------------------------------------------------------------------------------
---------------------------------------------------------------------------------
Start Renaming Generated Nets
---------------------------------------------------------------------------------
---------------------------------------------------------------------------------
Finished Renaming Generated Nets : Time (s): cpu = 00:00:12 ; elapsed = 00:00:14 . Memory (MB): peak = 2218.320 ; gain = 590.332 ; free physical = 8347 ; free virtual = 20540
---------------------------------------------------------------------------------
---------------------------------------------------------------------------------
Start Writing Synthesis Report
---------------------------------------------------------------------------------

Report BlackBoxes: 
+-+--------------+----------+
| |BlackBox name |Instances |
+-+--------------+----------+
+-+--------------+----------+

Report Cell Usage: 
+------+-------+------+
|      |Cell   |Count |
+------+-------+------+
|1     |CARRY4 |    22|
|2     |LUT2   |    38|
|3     |LUT3   |     7|
|4     |LUT4   |    46|
|5     |LUT5   |    23|
|6     |LUT6   |    60|
|7     |LD     |    16|
|8     |IBUF   |    19|
|9     |OBUF   |    12|
+------+-------+------+
---------------------------------------------------------------------------------
Finished Writing Synthesis Report : Time (s): cpu = 00:00:12 ; elapsed = 00:00:14 . Memory (MB): peak = 2218.320 ; gain = 590.332 ; free physical = 8347 ; free virtual = 20540
---------------------------------------------------------------------------------
Synthesis finished with 0 errors, 0 critical warnings and 2 warnings.
Synthesis Optimization Runtime : Time (s): cpu = 00:00:11 ; elapsed = 00:00:13 . Memory (MB): peak = 2218.320 ; gain = 463.551 ; free physical = 8348 ; free virtual = 20542
Synthesis Optimization Complete : Time (s): cpu = 00:00:12 ; elapsed = 00:00:14 . Memory (MB): peak = 2218.320 ; gain = 590.332 ; free physical = 8347 ; free virtual = 20542
INFO: [Project 1-571] Translating synthesized netlist
Netlist sorting complete. Time (s): cpu = 00:00:00 ; elapsed = 00:00:00 . Memory (MB): peak = 2218.320 ; gain = 0.000 ; free physical = 8468 ; free virtual = 20664
INFO: [Netlist 29-17] Analyzing 38 Unisim elements for replacement
INFO: [Netlist 29-28] Unisim Transformation completed in 1 CPU seconds
INFO: [Project 1-570] Preparing netlist for logic optimization
INFO: [Opt 31-138] Pushed 0 inverter(s) to 0 load pin(s).
Netlist sorting complete. Time (s): cpu = 00:00:00 ; elapsed = 00:00:00 . Memory (MB): peak = 2218.320 ; gain = 0.000 ; free physical = 8633 ; free virtual = 20829
INFO: [Project 1-111] Unisim Transformation Summary:
  A total of 16 instances were transformed.
  LD => LDCE: 16 instances

Synth Design complete | Checksum: 4839a66f
INFO: [Common 17-83] Releasing license: Synthesis
23 Infos, 2 Warnings, 0 Critical Warnings and 0 Errors encountered.
synth_design completed successfully
synth_design: Time (s): cpu = 00:00:16 ; elapsed = 00:00:21 . Memory (MB): peak = 2218.320 ; gain = 882.465 ; free physical = 8633 ; free virtual = 20829
INFO: [Common 17-2834] synth_design peak Physical Memory [PSS] (MB): overall = 1788.440; main = 1453.940; forked = 385.680
INFO: [Common 17-2834] synth_design peak Virtual Memory [VSS] (MB): overall = 3167.195; main = 2218.324; forked = 980.887
INFO: [Common 17-1381] The checkpoint '/home/rbonnet/Documents/4A/projet_info/ALU_8bits/ALU_8bits.runs/synth_1/ALU_8bits.dcp' has been generated.
INFO: [runtcl-4] Executing : report_utilization -file ALU_8bits_utilization_synth.rpt -pb ALU_8bits_utilization_synth.pb
INFO: [Common 17-206] Exiting Vivado at Thu Mar 21 11:00:11 2024...
